<?xml version="1.0" encoding="UTF-8"?>
<testsuite name="com.pluralsight.security.TestProperties" tests="1" skipped="0" failures="0" errors="0" timestamp="2016-11-17T12:15:37" hostname="EN62481" time="0.001">
  <properties/>
  <testcase name="testBytesToHash" classname="com.pluralsight.security.TestProperties" time="0.001"/>
  <system-out><![CDATA[]]></system-out>
  <system-err><![CDATA[]]></system-err>
</testsuite>
