<?xml version="1.0" encoding="UTF-8"?>
<testsuite name="com.pluralsight.security.TestHashRunAndDigestMethod" tests="4" skipped="0" failures="0" errors="0" timestamp="2016-11-17T12:15:36" hostname="EN62481" time="0.033">
  <properties/>
  <testcase name="testRun" classname="com.pluralsight.security.TestHashRunAndDigestMethod" time="0.027"/>
  <testcase name="testDigestArrayLessThanBaseSize" classname="com.pluralsight.security.TestHashRunAndDigestMethod" time="0.002"/>
  <testcase name="testDigestArrayEqualsBaseSize" classname="com.pluralsight.security.TestHashRunAndDigestMethod" time="0.001"/>
  <testcase name="testDigestArrayGreaterThanBaseSize" classname="com.pluralsight.security.TestHashRunAndDigestMethod" time="0.001"/>
  <system-out><![CDATA[]]></system-out>
  <system-err><![CDATA[]]></system-err>
</testsuite>
