<?xml version="1.0" encoding="UTF-8"?>
<testsuite name="com.pluralsight.security.TestSign" tests="8" skipped="0" failures="0" errors="0" timestamp="2016-11-17T12:15:37" hostname="EN62481" time="0.14">
  <properties/>
  <testcase name="testLoadPrivateKey" classname="com.pluralsight.security.TestSign" time="0.02"/>
  <testcase name="testVerifyData" classname="com.pluralsight.security.TestSign" time="0.031"/>
  <testcase name="testLoadKeystore" classname="com.pluralsight.security.TestSign" time="0.014"/>
  <testcase name="testParseArgs" classname="com.pluralsight.security.TestSign" time="0.0"/>
  <testcase name="testCreateSignature" classname="com.pluralsight.security.TestSign" time="0.011"/>
  <testcase name="testParseArgsDefaults" classname="com.pluralsight.security.TestSign" time="0.001"/>
  <testcase name="testLoadPrivateKeyInvalidPassword" classname="com.pluralsight.security.TestSign" time="0.011"/>
  <testcase name="testSignData" classname="com.pluralsight.security.TestSign" time="0.05"/>
  <system-out><![CDATA[]]></system-out>
  <system-err><![CDATA[]]></system-err>
</testsuite>
