<?xml version="1.0" encoding="UTF-8"?>
<testsuite name="com.pluralsight.security.TestReadWriteBytes" tests="3" skipped="0" failures="0" errors="0" timestamp="2016-11-17T12:15:37" hostname="EN62481" time="0.007">
  <properties/>
  <testcase name="testWriteBytes" classname="com.pluralsight.security.TestReadWriteBytes" time="0.0"/>
  <testcase name="testReadBytes" classname="com.pluralsight.security.TestReadWriteBytes" time="0.001"/>
  <testcase name="testWriteBytesEncoded" classname="com.pluralsight.security.TestReadWriteBytes" time="0.004"/>
  <system-out><![CDATA[]]></system-out>
  <system-err><![CDATA[]]></system-err>
</testsuite>
